Using pre-set license
Built from '2021.1/china_unity/release' branch; Version is '2021.1.2f1c1 (d1dae49a7408) revision 13753060'; Using compiler version '192528614'; Build Type 'Release'
OS: 'Windows 10 Home China; OS build 22621.2134; Version 2009; 64bit' Language: 'zh' Physical Memory: 16126 MB
BatchMode: 1, IsHumanControllingUs: 0, StartBugReporterOnCrash: 0, Is64bit: 1, IsPro: 0

 COMMAND LINE ARGUMENTS:
L:\Unity\Unity 2021.1.2f1c1\Editor\Unity.exe
-adb2
-batchMode
-noUpm
-name
AssetImportWorker0
-projectPath
L:/UnitySpace/First
-logFile
Logs/AssetImportWorker0.log
-srvPort
64094
Successfully changed project path to: L:/UnitySpace/First
L:/UnitySpace/First
Using Asset Import Pipeline V2.
Refreshing native plugins compatible for Editor in 58.34 ms, found 1 plugins.
Preloading 0 native plugins for Editor in 0.00 ms.
Initialize engine version: 2021.1.2f1c1 (d1dae49a7408)
[Subsystems] Discovering subsystems at path L:/Unity/Unity 2021.1.2f1c1/Editor/Data/Resources/UnitySubsystems
[Subsystems] Discovering subsystems at path L:/UnitySpace/First/Assets
GfxDevice: creating device client; threaded=0; jobified=0
Direct3D:
    Version:  Direct3D 11.0 [level 11.1]
    Renderer: NVIDIA GeForce RTX 3050 Ti Laptop GPU (ID=0x25a0)
    Vendor:   NVIDIA
    VRAM:     3976 MB
    Driver:   31.0.15.2879
Initialize mono
Mono path[0] = 'L:/Unity/Unity 2021.1.2f1c1/Editor/Data/Managed'
Mono path[1] = 'L:/Unity/Unity 2021.1.2f1c1/Editor/Data/MonoBleedingEdge/lib/mono/unityjit'
Mono config path = 'L:/Unity/Unity 2021.1.2f1c1/Editor/Data/MonoBleedingEdge/etc'
Using monoOptions --debugger-agent=transport=dt_socket,embedding=1,server=y,suspend=n,address=127.0.0.1:56492
Begin MonoManager ReloadAssembly
Registering precompiled unity dll's ...
Register platform support module: L:/Unity/Unity 2021.1.2f1c1/Editor/Data/PlaybackEngines/WindowsStandaloneSupport/UnityEditor.WindowsStandalone.Extensions.dll
Registered in 0.001033 seconds.
Native extension for WindowsStandalone target not found
Refreshing native plugins compatible for Editor in 62.78 ms, found 1 plugins.
Preloading 0 native plugins for Editor in 0.00 ms.
Mono: successfully reloaded assembly
- Completed reload, in  0.669 seconds
Platform modules already initialized, skipping
Registering precompiled user dll's ...
Registered in 0.002121 seconds.
Begin MonoManager ReloadAssembly
Native extension for WindowsStandalone target not found
Refreshing native plugins compatible for Editor in 0.50 ms, found 1 plugins.
Preloading 0 native plugins for Editor in 0.00 ms.
Mono: successfully reloaded assembly
- Completed reload, in  0.739 seconds
Platform modules already initialized, skipping
========================================================================
Worker process is ready to serve import requests
Launched and connected shader compiler UnityShaderCompiler.exe after 0.05 seconds
Refreshing native plugins compatible for Editor in 0.57 ms, found 1 plugins.
Preloading 0 native plugins for Editor in 0.00 ms.
Unloading 2671 Unused Serialized files (Serialized files now loaded: 0)
System memory in use before: 104.7 MB.
System memory in use after: 104.9 MB.

Unloading 14 unused Assets to reduce memory usage. Loaded Objects now: 3139.
Total: 2.024100 ms (FindLiveObjects: 0.295100 ms CreateObjectMapping: 0.110400 ms MarkObjects: 1.550500 ms  DeleteObjects: 0.067200 ms)

========================================================================
Received Import Request.
  path: Assets/Resources/hitWall.wav
  artifactKey: Guid(3093f609a97a5d94797824ea3a2a5d74) Importer(815301076,1909f56bfc062723c751e8b465ee728b)
Start importing Assets/Resources/hitWall.wav using Guid(3093f609a97a5d94797824ea3a2a5d74) Importer(815301076,1909f56bfc062723c751e8b465ee728b)  -> (artifact id: 'b1b98b1bdf8a62a931e5c6727a701881') in 0.108696 seconds 
========================================================================
Received Import Request.
  Time since last request: 1602.986973 seconds.
  path: Assets/model
  artifactKey: Guid(bbcdda18165684d4dbfd03b407735d40) Importer(815301076,1909f56bfc062723c751e8b465ee728b)
Start importing Assets/model using Guid(bbcdda18165684d4dbfd03b407735d40) Importer(815301076,1909f56bfc062723c751e8b465ee728b)  -> (artifact id: 'afc70d17211f5743f7be205c3ba9d059') in 0.002220 seconds 
========================================================================
Received Import Request.
  Time since last request: 417.465794 seconds.
  path: Assets/model/SPIDER_BOT.prefab
  artifactKey: Guid(7e1e41c989cc0cc4184fc13d5b5bed9a) Importer(815301076,1909f56bfc062723c751e8b465ee728b)
Start importing Assets/model/SPIDER_BOT.prefab using Guid(7e1e41c989cc0cc4184fc13d5b5bed9a) Importer(815301076,1909f56bfc062723c751e8b465ee728b)  -> (artifact id: 'a13c78e22f1fdef35f2bd1c36cfdd849') in 0.099180 seconds 
========================================================================
Received Import Request.
  Time since last request: 191.790316 seconds.
  path: Assets/BulletControl.cs
  artifactKey: Guid(d1547cb5bd3aa57438c0f45954eb80e3) Importer(815301076,1909f56bfc062723c751e8b465ee728b)
Start importing Assets/BulletControl.cs using Guid(d1547cb5bd3aa57438c0f45954eb80e3) Importer(815301076,1909f56bfc062723c751e8b465ee728b)  -> (artifact id: '008668f51bb18165be5c4d5c8b65dccc') in 0.012751 seconds 
========================================================================
Received Prepare
Registering precompiled user dll's ...
Registered in 0.002382 seconds.
Begin MonoManager ReloadAssembly
Native extension for WindowsStandalone target not found
Refreshing native plugins compatible for Editor in 0.49 ms, found 1 plugins.
Preloading 0 native plugins for Editor in 0.00 ms.
Mono: successfully reloaded assembly
- Completed reload, in  0.729 seconds
Platform modules already initialized, skipping
Refreshing native plugins compatible for Editor in 0.61 ms, found 1 plugins.
Preloading 0 native plugins for Editor in 0.00 ms.
Unloading 2665 Unused Serialized files (Serialized files now loaded: 0)
System memory in use before: 122.0 MB.
System memory in use after: 122.3 MB.

Unloading 9 unused Assets to reduce memory usage. Loaded Objects now: 3152.
Total: 1.844200 ms (FindLiveObjects: 0.311900 ms CreateObjectMapping: 0.087300 ms MarkObjects: 1.422400 ms  DeleteObjects: 0.021500 ms)

========================================================================
Received Import Request.
  Time since last request: 114.355506 seconds.
  path: Assets/EnemyCon.cs
  artifactKey: Guid(a8f9fae9d49e61542b640da8c64deaad) Importer(815301076,1909f56bfc062723c751e8b465ee728b)
Start importing Assets/EnemyCon.cs using Guid(a8f9fae9d49e61542b640da8c64deaad) Importer(815301076,1909f56bfc062723c751e8b465ee728b)  -> (artifact id: 'cad9352c6dd1db268564410c7feba3f7') in 0.005451 seconds 
========================================================================
Received Prepare
Registering precompiled user dll's ...
Registered in 0.002346 seconds.
Begin MonoManager ReloadAssembly
Native extension for WindowsStandalone target not found
Refreshing native plugins compatible for Editor in 0.56 ms, found 1 plugins.
Preloading 0 native plugins for Editor in 0.00 ms.
Mono: successfully reloaded assembly
- Completed reload, in  0.764 seconds
Platform modules already initialized, skipping
Refreshing native plugins compatible for Editor in 0.59 ms, found 1 plugins.
Preloading 0 native plugins for Editor in 0.00 ms.
Unloading 2665 Unused Serialized files (Serialized files now loaded: 0)
System memory in use before: 122.1 MB.
System memory in use after: 122.3 MB.

Unloading 9 unused Assets to reduce memory usage. Loaded Objects now: 3155.
Total: 1.932700 ms (FindLiveObjects: 0.245900 ms CreateObjectMapping: 0.065400 ms MarkObjects: 1.600800 ms  DeleteObjects: 0.019200 ms)

========================================================================
Received Prepare
Registering precompiled user dll's ...
Registered in 0.002372 seconds.
Begin MonoManager ReloadAssembly
Native extension for WindowsStandalone target not found
Refreshing native plugins compatible for Editor in 0.50 ms, found 1 plugins.
Preloading 0 native plugins for Editor in 0.00 ms.
Mono: successfully reloaded assembly
- Completed reload, in  0.682 seconds
Platform modules already initialized, skipping
Refreshing native plugins compatible for Editor in 0.50 ms, found 1 plugins.
Preloading 0 native plugins for Editor in 0.00 ms.
Unloading 2665 Unused Serialized files (Serialized files now loaded: 0)
System memory in use before: 122.1 MB.
System memory in use after: 122.3 MB.

Unloading 9 unused Assets to reduce memory usage. Loaded Objects now: 3158.
Total: 1.799800 ms (FindLiveObjects: 0.222000 ms CreateObjectMapping: 0.068600 ms MarkObjects: 1.488300 ms  DeleteObjects: 0.019500 ms)

========================================================================
Received Prepare
Registering precompiled user dll's ...
Registered in 0.001922 seconds.
Begin MonoManager ReloadAssembly
Native extension for WindowsStandalone target not found
Refreshing native plugins compatible for Editor in 0.49 ms, found 1 plugins.
Preloading 0 native plugins for Editor in 0.00 ms.
Mono: successfully reloaded assembly
- Completed reload, in  0.660 seconds
Platform modules already initialized, skipping
Refreshing native plugins compatible for Editor in 0.55 ms, found 1 plugins.
Preloading 0 native plugins for Editor in 0.00 ms.
Unloading 2665 Unused Serialized files (Serialized files now loaded: 0)
System memory in use before: 122.1 MB.
System memory in use after: 122.3 MB.

Unloading 9 unused Assets to reduce memory usage. Loaded Objects now: 3161.
Total: 2.706100 ms (FindLiveObjects: 0.487100 ms CreateObjectMapping: 0.182400 ms MarkObjects: 2.007100 ms  DeleteObjects: 0.027700 ms)

========================================================================
Received Prepare
Registering precompiled user dll's ...
Registered in 0.002144 seconds.
Begin MonoManager ReloadAssembly
Native extension for WindowsStandalone target not found
Refreshing native plugins compatible for Editor in 0.48 ms, found 1 plugins.
Preloading 0 native plugins for Editor in 0.00 ms.
Mono: successfully reloaded assembly
- Completed reload, in  0.713 seconds
Platform modules already initialized, skipping
Refreshing native plugins compatible for Editor in 0.50 ms, found 1 plugins.
Preloading 0 native plugins for Editor in 0.00 ms.
Unloading 2665 Unused Serialized files (Serialized files now loaded: 0)
System memory in use before: 122.1 MB.
System memory in use after: 122.4 MB.

Unloading 9 unused Assets to reduce memory usage. Loaded Objects now: 3164.
Total: 2.054100 ms (FindLiveObjects: 0.348000 ms CreateObjectMapping: 0.120700 ms MarkObjects: 1.561900 ms  DeleteObjects: 0.022000 ms)

========================================================================
Received Prepare
Registering precompiled user dll's ...
Registered in 0.002095 seconds.
Begin MonoManager ReloadAssembly
Native extension for WindowsStandalone target not found
Refreshing native plugins compatible for Editor in 0.58 ms, found 1 plugins.
Preloading 0 native plugins for Editor in 0.00 ms.
Mono: successfully reloaded assembly
- Completed reload, in  0.670 seconds
Platform modules already initialized, skipping
Refreshing native plugins compatible for Editor in 0.49 ms, found 1 plugins.
Preloading 0 native plugins for Editor in 0.00 ms.
Unloading 2665 Unused Serialized files (Serialized files now loaded: 0)
System memory in use before: 122.1 MB.
System memory in use after: 122.4 MB.

Unloading 9 unused Assets to reduce memory usage. Loaded Objects now: 3167.
Total: 1.902700 ms (FindLiveObjects: 0.303600 ms CreateObjectMapping: 0.076000 ms MarkObjects: 1.503100 ms  DeleteObjects: 0.018200 ms)

========================================================================
Received Import Request.
  Time since last request: 245.531053 seconds.
  path: Assets
  artifactKey: Guid(00000000000000001000000000000000) Importer(815301076,1909f56bfc062723c751e8b465ee728b)
Start importing Assets using Guid(00000000000000001000000000000000) Importer(815301076,1909f56bfc062723c751e8b465ee728b)  -> (artifact id: 'fade57b46ae88026597479594edfabdb') in 0.004981 seconds 
========================================================================
Received Import Request.
  Time since last request: 10.147323 seconds.
  path: Assets/City.unity
  artifactKey: Guid(098121f7ceddc0b41b18dbe716c03002) Importer(815301076,1909f56bfc062723c751e8b465ee728b)
Start importing Assets/City.unity using Guid(098121f7ceddc0b41b18dbe716c03002) Importer(815301076,1909f56bfc062723c751e8b465ee728b)  -> (artifact id: '8b73608f4ee115f785be4eba33466dc5') in 0.007021 seconds 
========================================================================
Received Import Request.
  Time since last request: 4.743312 seconds.
  path: Assets/EnemyCon.cs
  artifactKey: Guid(a8f9fae9d49e61542b640da8c64deaad) Importer(815301076,1909f56bfc062723c751e8b465ee728b)
Start importing Assets/EnemyCon.cs using Guid(a8f9fae9d49e61542b640da8c64deaad) Importer(815301076,1909f56bfc062723c751e8b465ee728b)  -> (artifact id: 'b9b5b6b51357159e4d2b0d9791649aa1') in 0.012058 seconds 
========================================================================
Received Prepare
Registering precompiled user dll's ...
Registered in 0.002130 seconds.
Begin MonoManager ReloadAssembly
Native extension for WindowsStandalone target not found
Refreshing native plugins compatible for Editor in 0.50 ms, found 1 plugins.
Preloading 0 native plugins for Editor in 0.00 ms.
Mono: successfully reloaded assembly
- Completed reload, in  0.717 seconds
Platform modules already initialized, skipping
Refreshing native plugins compatible for Editor in 0.52 ms, found 1 plugins.
Preloading 0 native plugins for Editor in 0.00 ms.
Unloading 2665 Unused Serialized files (Serialized files now loaded: 0)
System memory in use before: 122.2 MB.
System memory in use after: 122.4 MB.

Unloading 9 unused Assets to reduce memory usage. Loaded Objects now: 3170.
Total: 1.999600 ms (FindLiveObjects: 0.296200 ms CreateObjectMapping: 0.067300 ms MarkObjects: 1.616200 ms  DeleteObjects: 0.019100 ms)

========================================================================
Received Import Request.
  Time since last request: 42.905339 seconds.
  path: Assets/EnemyCon.cs
  artifactKey: Guid(a8f9fae9d49e61542b640da8c64deaad) Importer(815301076,1909f56bfc062723c751e8b465ee728b)
Start importing Assets/EnemyCon.cs using Guid(a8f9fae9d49e61542b640da8c64deaad) Importer(815301076,1909f56bfc062723c751e8b465ee728b)  -> (artifact id: '0e83ea6bf1fbc1e52789b21b816a5751') in 0.005666 seconds 
========================================================================
Received Prepare
Registering precompiled user dll's ...
Registered in 0.002191 seconds.
Begin MonoManager ReloadAssembly
Native extension for WindowsStandalone target not found
Refreshing native plugins compatible for Editor in 0.50 ms, found 1 plugins.
Preloading 0 native plugins for Editor in 0.00 ms.
Mono: successfully reloaded assembly
- Completed reload, in  0.670 seconds
Platform modules already initialized, skipping
Refreshing native plugins compatible for Editor in 0.56 ms, found 1 plugins.
Preloading 0 native plugins for Editor in 0.00 ms.
Unloading 2665 Unused Serialized files (Serialized files now loaded: 0)
System memory in use before: 122.2 MB.
System memory in use after: 122.4 MB.

Unloading 9 unused Assets to reduce memory usage. Loaded Objects now: 3173.
Total: 2.343400 ms (FindLiveObjects: 0.370500 ms CreateObjectMapping: 0.109900 ms MarkObjects: 1.811400 ms  DeleteObjects: 0.050500 ms)

========================================================================
Received Prepare
Registering precompiled user dll's ...
Registered in 0.002253 seconds.
Begin MonoManager ReloadAssembly
Native extension for WindowsStandalone target not found
Refreshing native plugins compatible for Editor in 0.48 ms, found 1 plugins.
Preloading 0 native plugins for Editor in 0.00 ms.
Mono: successfully reloaded assembly
- Completed reload, in  0.677 seconds
Platform modules already initialized, skipping
Refreshing native plugins compatible for Editor in 0.50 ms, found 1 plugins.
Preloading 0 native plugins for Editor in 0.00 ms.
Unloading 2665 Unused Serialized files (Serialized files now loaded: 0)
System memory in use before: 122.2 MB.
System memory in use after: 122.4 MB.

Unloading 9 unused Assets to reduce memory usage. Loaded Objects now: 3176.
Total: 2.762800 ms (FindLiveObjects: 0.396300 ms CreateObjectMapping: 0.183200 ms MarkObjects: 2.161400 ms  DeleteObjects: 0.020200 ms)

========================================================================
Received Prepare
Registering precompiled user dll's ...
Registered in 0.002271 seconds.
Begin MonoManager ReloadAssembly
Native extension for WindowsStandalone target not found
Refreshing native plugins compatible for Editor in 0.48 ms, found 1 plugins.
Preloading 0 native plugins for Editor in 0.00 ms.
Mono: successfully reloaded assembly
- Completed reload, in  0.652 seconds
Platform modules already initialized, skipping
Refreshing native plugins compatible for Editor in 0.52 ms, found 1 plugins.
Preloading 0 native plugins for Editor in 0.00 ms.
Unloading 2665 Unused Serialized files (Serialized files now loaded: 0)
System memory in use before: 122.2 MB.
System memory in use after: 122.4 MB.

Unloading 9 unused Assets to reduce memory usage. Loaded Objects now: 3179.
Total: 2.512400 ms (FindLiveObjects: 0.339700 ms CreateObjectMapping: 0.104400 ms MarkObjects: 2.037900 ms  DeleteObjects: 0.029200 ms)

========================================================================
Received Prepare
Registering precompiled user dll's ...
Registered in 0.002129 seconds.
Begin MonoManager ReloadAssembly
Native extension for WindowsStandalone target not found
Refreshing native plugins compatible for Editor in 0.73 ms, found 1 plugins.
Preloading 0 native plugins for Editor in 0.00 ms.
Mono: successfully reloaded assembly
- Completed reload, in  0.691 seconds
Platform modules already initialized, skipping
Refreshing native plugins compatible for Editor in 0.50 ms, found 1 plugins.
Preloading 0 native plugins for Editor in 0.00 ms.
Unloading 2665 Unused Serialized files (Serialized files now loaded: 0)
System memory in use before: 122.2 MB.
System memory in use after: 122.4 MB.

Unloading 9 unused Assets to reduce memory usage. Loaded Objects now: 3182.
Total: 2.514900 ms (FindLiveObjects: 0.290700 ms CreateObjectMapping: 0.088300 ms MarkObjects: 2.110400 ms  DeleteObjects: 0.023700 ms)

========================================================================
Received Prepare
Registering precompiled user dll's ...
Registered in 0.001999 seconds.
Begin MonoManager ReloadAssembly
Native extension for WindowsStandalone target not found
Refreshing native plugins compatible for Editor in 0.47 ms, found 1 plugins.
Preloading 0 native plugins for Editor in 0.00 ms.
Mono: successfully reloaded assembly
- Completed reload, in  0.673 seconds
Platform modules already initialized, skipping
Refreshing native plugins compatible for Editor in 0.48 ms, found 1 plugins.
Preloading 0 native plugins for Editor in 0.00 ms.
Unloading 2665 Unused Serialized files (Serialized files now loaded: 0)
System memory in use before: 122.2 MB.
System memory in use after: 122.4 MB.

Unloading 9 unused Assets to reduce memory usage. Loaded Objects now: 3185.
Total: 2.309900 ms (FindLiveObjects: 0.430600 ms CreateObjectMapping: 0.143400 ms MarkObjects: 1.715700 ms  DeleteObjects: 0.018800 ms)

AssetImportWorkerClient::OnTransportError - code=2 error=End of file
